2018/02/17 11:56:00 [emerg] 10176#7892: "server" directive is not allowed here in C:\Users\guscr\guscrawford.com\ui.guscrawford.com/conf/nginx.conf:1
2018/02/17 11:59:55 [emerg] 16060#5540: "server" directive is not allowed here in C:\Users\guscr\guscrawford.com\ui.guscrawford.com/conf/nginx.conf:1
2018/02/17 12:00:18 [emerg] 10092#4956: CreateFile() "C:\Users\guscr\guscrawford.com\ui.guscrawford.com/conf/nginx.conf" failed (2: The system cannot find the file specified)
2018/02/17 12:06:48 [warn] 7732#13440: "user" is not supported, ignored in C:\Users\guscr\guscrawford.com\ui.guscrawford.com/conf/nginx.conf:1
2018/02/17 12:06:48 [emerg] 7732#13440: CreateFile() "C:\Users\guscr\guscrawford.com\ui.guscrawford.com/conf/conf/mime.types" failed (3: The system cannot find the path specified) in C:\Users\guscr\guscrawford.com\ui.guscrawford.com/conf/nginx.conf:12
2018/02/17 12:07:39 [warn] 9972#1664: "user" is not supported, ignored in C:\Users\guscr\guscrawford.com\ui.guscrawford.com/conf/nginx.conf:1
2018/02/17 12:07:39 [notice] 9972#1664: signal process started
2018/02/17 12:07:39 [error] 9972#1664: CreateFile() "C:\Users\guscr\guscrawford.com\ui.guscrawford.com/logs/nginx.pid" failed (2: The system cannot find the file specified)
2018/02/17 12:08:07 [warn] 11420#5224: "user" is not supported, ignored in C:\Users\guscr\guscrawford.com\ui.guscrawford.com/conf/nginx.conf:1
2018/02/17 12:08:07 [notice] 11420#5224: signal process started
2018/02/17 12:08:07 [error] 11420#5224: invalid PID number "" in "C:\Users\guscr\guscrawford.com\ui.guscrawford.com/logs/nginx.pid"
2018/02/17 12:08:40 [warn] 10696#1952: "user" is not supported, ignored in C:\Users\guscr\guscrawford.com\ui.guscrawford.com/conf/nginx.conf:1
2018/02/17 12:08:40 [notice] 10696#1952: signal process started
2018/02/17 12:08:40 [error] 10696#1952: invalid PID number "" in "C:\Users\guscr\guscrawford.com\ui.guscrawford.com/logs/nginx.pid"
2018/02/17 12:09:17 [notice] 13516#12756: signal process started
2018/02/17 12:09:17 [error] 13516#12756: invalid PID number "" in "C:\Users\guscr\guscrawford.com\ui.guscrawford.com/logs/nginx.pid"
2018/02/17 12:09:39 [notice] 1580#15116: signal process started
2018/02/17 12:09:39 [error] 1580#15116: CreateFile() "C:\Users\guscr\guscrawford.com\ui.guscrawford.com/logs/nginx.pid" failed (2: The system cannot find the file specified)
2018/02/17 12:09:55 [notice] 12396#13096: signal process started
2018/02/17 12:09:55 [error] 12396#13096: invalid PID number "" in "C:\Users\guscr\guscrawford.com\ui.guscrawford.com/logs/nginx.pid"
2018/02/17 12:11:52 [notice] 9588#12876: signal process started
2018/02/17 12:11:52 [error] 9588#12876: invalid PID number "" in "C:\Users\guscr\guscrawford.com\ui.guscrawford.com/logs/nginx.pid"
2018/02/17 12:12:23 [notice] 12252#6276: signal process started
2018/02/17 12:12:23 [error] 12252#6276: invalid PID number "" in "C:\Users\guscr\guscrawford.com\ui.guscrawford.com/logs/nginx.pid"
2018/02/17 12:12:52 [notice] 4568#4300: signal process started
2018/02/17 12:12:52 [error] 4568#4300: OpenEvent("Global\ngx_quit_0") failed (2: The system cannot find the file specified)
2018/02/17 12:13:29 [notice] 14400#912: signal process started
2018/02/17 12:13:29 [error] 14400#912: CreateFile() "C:\Users\guscr\guscrawford.com\ui.guscrawford.com/logs/nginx.pid" failed (2: The system cannot find the file specified)
2018/02/17 21:12:54 [notice] 12668#12672: signal process started
2018/02/17 21:12:54 [error] 12668#12672: OpenEvent("Global\ngx_reload_0") failed (2: The system cannot find the file specified)
2018/02/17 21:13:08 [emerg] 13152#7916: CreateDirectory() "C:\Users\guscr\guscrawford.com\ui.guscrawford.com/temp/client_body_temp" failed (3: The system cannot find the path specified)
