0 info it worked if it ends with ok
1 verbose cli [ 'C:\\Program Files\\nodejs\\node.exe',
1 verbose cli   'C:\\Program Files\\nodejs\\node_modules\\npm\\bin\\npm-cli.js',
1 verbose cli   'run',
1 verbose cli   'build.ui' ]
2 info using npm@3.10.10
3 info using node@v6.11.2
4 verbose run-script [ 'prebuild.ui', 'build.ui', 'postbuild.ui' ]
5 info lifecycle guscrawford.com@0.0.1~prebuild.ui: guscrawford.com@0.0.1
6 silly lifecycle guscrawford.com@0.0.1~prebuild.ui: no script for prebuild.ui, continuing
7 info lifecycle guscrawford.com@0.0.1~build.ui: guscrawford.com@0.0.1
8 verbose lifecycle guscrawford.com@0.0.1~build.ui: unsafe-perm in lifecycle true
9 verbose lifecycle guscrawford.com@0.0.1~build.ui: PATH: C:\Program Files\nodejs\node_modules\npm\bin\node-gyp-bin;C:\Users\guscr\guscrawford.com\node_modules\.bin;C:\WINDOWS\system32;C:\WINDOWS;C:\WINDOWS\System32\Wbem;C:\WINDOWS\System32\WindowsPowerShell\v1.0\;C:\Program Files\nodejs\;C:\Program Files\Git\cmd;C:\Program Files (x86)\Yarn\bin;C:\ProgramData\chocolatey\bin;C:\Users\guscr\AppData\Local\Microsoft\WindowsApps;C:\Program Files\Microsoft VS Code\bin;C:\Users\guscr\AppData\Roaming\npm;C:\Program Files\MongoDB\Server\3.4\bin;C:\Users\guscr\AppData\Local\Yarn\bin;
10 verbose lifecycle guscrawford.com@0.0.1~build.ui: CWD: C:\Users\guscr\guscrawford.com
11 silly lifecycle guscrawford.com@0.0.1~build.ui: Args: [ '/d /s /c', 'cd ui.guscrawford.com && npm run build' ]
12 silly lifecycle guscrawford.com@0.0.1~build.ui: Returned: code: 1  signal: null
13 info lifecycle guscrawford.com@0.0.1~build.ui: Failed to exec build.ui script
14 verbose stack Error: guscrawford.com@0.0.1 build.ui: `cd ui.guscrawford.com && npm run build`
14 verbose stack Exit status 1
14 verbose stack     at EventEmitter.<anonymous> (C:\Program Files\nodejs\node_modules\npm\lib\utils\lifecycle.js:255:16)
14 verbose stack     at emitTwo (events.js:106:13)
14 verbose stack     at EventEmitter.emit (events.js:191:7)
14 verbose stack     at ChildProcess.<anonymous> (C:\Program Files\nodejs\node_modules\npm\lib\utils\spawn.js:40:14)
14 verbose stack     at emitTwo (events.js:106:13)
14 verbose stack     at ChildProcess.emit (events.js:191:7)
14 verbose stack     at maybeClose (internal/child_process.js:891:16)
14 verbose stack     at Process.ChildProcess._handle.onexit (internal/child_process.js:226:5)
15 verbose pkgid guscrawford.com@0.0.1
16 verbose cwd C:\Users\guscr\guscrawford.com
17 error Windows_NT 10.0.16299
18 error argv "C:\\Program Files\\nodejs\\node.exe" "C:\\Program Files\\nodejs\\node_modules\\npm\\bin\\npm-cli.js" "run" "build.ui"
19 error node v6.11.2
20 error npm  v3.10.10
21 error code ELIFECYCLE
22 error guscrawford.com@0.0.1 build.ui: `cd ui.guscrawford.com && npm run build`
22 error Exit status 1
23 error Failed at the guscrawford.com@0.0.1 build.ui script 'cd ui.guscrawford.com && npm run build'.
23 error Make sure you have the latest version of node.js and npm installed.
23 error If you do, this is most likely a problem with the guscrawford.com package,
23 error not with npm itself.
23 error Tell the author that this fails on your system:
23 error     cd ui.guscrawford.com && npm run build
23 error You can get information on how to open an issue for this project with:
23 error     npm bugs guscrawford.com
23 error Or if that isn't available, you can get their info via:
23 error     npm owner ls guscrawford.com
23 error There is likely additional logging output above.
24 verbose exit [ 1, true ]
