Arguments: 
  C:\Program Files\nodejs\node.exe C:\Program Files (x86)\Yarn\bin\yarn.js add npm-run-all

PATH: 
  C:\Windows\system32;C:\Windows;C:\Windows\System32\Wbem;C:\Windows\System32\WindowsPowerShell\v1.0\;C:\Program Files\nodejs\;C:\Program Files\Git\cmd;C:\Program Files (x86)\Yarn\bin;C:\Users\guscr\AppData\Local\Microsoft\WindowsApps;C:\Program Files\Microsoft VS Code\bin;C:\Users\guscr\AppData\Roaming\npm;C:\Program Files\MongoDB\Server\3.4\bin;C:\Users\guscr\AppData\Local\Yarn\bin

Yarn version: 
  1.3.2

Node version: 
  6.11.2

Platform: 
  win32 x64

npm manifest: 
  {
    "name": "guscrawford.com",
    "version": "0.0.1",
    "description": "",
    "scripts": {
      "test": "echo \"Error: no test specified\" && exit 1",
      "start": "npm-run-all --parallel api ui",
      "api": "cd api.guscrawford.com && npm run api.watch",
      "ui":"cd ui.guscrawford.com && ng serve --proxy proxy.conf.json"
    },
    "repository": {
      "type": "git",
      "url": "git+https://github.com/GUSCRAWFORD/guscrawford.com.git"
    },
    "author": "",
    "license": "ISC",
    "bugs": {
      "url": "https://github.com/GUSCRAWFORD/guscrawford.com/issues"
    },
    "homepage": "https://github.com/GUSCRAWFORD/guscrawford.com#readme"
  }

yarn manifest: 
  No manifest

Lockfile: 
  No lockfile

Trace: 
  Error: connect ETIMEDOUT 104.16.63.173:443
      at Object.exports._errnoException (util.js:1020:11)
      at exports._exceptionWithHostPort (util.js:1043:20)
      at TCPConnectWrap.afterConnect [as oncomplete] (net.js:1086:14)
